1354 : 2025-11-04 16:50:57,338 : INFO : telemetry.main : Attempt start. Configuration directory [/home/jakub/.azure]. Cache directory [/home/jakub/.azure/telemetry/20251104165057227].
1354 : 2025-11-04 16:50:57,338 : INFO : telemetry.records : 1 cache files to upload.
1354 : 2025-11-04 16:50:57,338 : INFO : telemetry.records : Processed file /home/jakub/.azure/telemetry/20251104165057227/cache into 1 records.
1354 : 2025-11-04 16:50:57,339 : INFO : telemetry.records : Remove directory /home/jakub/.azure/telemetry/20251104165057227
1354 : 2025-11-04 16:50:57,339 : INFO : telemetry.client : Accumulated 1 events. Flush the clients.
1354 : 2025-11-04 16:50:57,339 : INFO : telemetry.client : Flush client c4395b75-49cc-422c-bc95-c7d51aef5d46.
1354 : 2025-11-04 16:50:57,518 : INFO : telemetry.sender : Sending 4414 bytes
1354 : 2025-11-04 16:50:57,519 : INFO : telemetry.sender : Finish uploading in 0.179136 seconds.
1391 : 2025-11-04 16:50:59,786 : INFO : telemetry.main : Attempt start. Configuration directory [/home/jakub/.azure]. Cache directory [/home/jakub/.azure/telemetry/20251104165059517].
1391 : 2025-11-04 16:50:59,787 : INFO : telemetry.records : 1 cache files to upload.
1391 : 2025-11-04 16:50:59,787 : INFO : telemetry.records : Processed file /home/jakub/.azure/telemetry/20251104165059517/cache into 1 records.
1391 : 2025-11-04 16:50:59,787 : INFO : telemetry.records : Remove directory /home/jakub/.azure/telemetry/20251104165059517
1391 : 2025-11-04 16:50:59,788 : INFO : telemetry.client : Accumulated 1 events. Flush the clients.
1391 : 2025-11-04 16:50:59,788 : INFO : telemetry.client : Flush client c4395b75-49cc-422c-bc95-c7d51aef5d46.
1391 : 2025-11-04 16:50:59,992 : INFO : telemetry.sender : Sending 4314 bytes
1391 : 2025-11-04 16:50:59,992 : INFO : telemetry.sender : Finish uploading in 0.204282 seconds.
1402 : 2025-11-04 16:51:00,079 : INFO : telemetry.main : Attempt start. Configuration directory [/home/jakub/.azure]. Cache directory [/home/jakub/.azure/telemetry/20251104165059905].
1402 : 2025-11-04 16:51:00,079 : INFO : telemetry.records : 1 cache files to upload.
1402 : 2025-11-04 16:51:00,079 : INFO : telemetry.records : Processed file /home/jakub/.azure/telemetry/20251104165059905/cache into 1 records.
1402 : 2025-11-04 16:51:00,079 : INFO : telemetry.records : Remove directory /home/jakub/.azure/telemetry/20251104165059905
1402 : 2025-11-04 16:51:00,080 : INFO : telemetry.client : Accumulated 1 events. Flush the clients.
1402 : 2025-11-04 16:51:00,080 : INFO : telemetry.client : Flush client c4395b75-49cc-422c-bc95-c7d51aef5d46.
1402 : 2025-11-04 16:51:00,318 : INFO : telemetry.sender : Sending 4395 bytes
1402 : 2025-11-04 16:51:00,318 : INFO : telemetry.sender : Finish uploading in 0.237985 seconds.
1416 : 2025-11-04 16:51:00,405 : INFO : telemetry.main : Attempt start. Configuration directory [/home/jakub/.azure]. Cache directory [/home/jakub/.azure/telemetry/20251104165100134].
1416 : 2025-11-04 16:51:00,405 : INFO : telemetry.records : 1 cache files to upload.
1416 : 2025-11-04 16:51:00,405 : INFO : telemetry.records : Processed file /home/jakub/.azure/telemetry/20251104165100134/cache into 1 records.
1416 : 2025-11-04 16:51:00,406 : INFO : telemetry.records : Remove directory /home/jakub/.azure/telemetry/20251104165100134
1416 : 2025-11-04 16:51:00,406 : INFO : telemetry.client : Accumulated 1 events. Flush the clients.
1416 : 2025-11-04 16:51:00,407 : INFO : telemetry.client : Flush client c4395b75-49cc-422c-bc95-c7d51aef5d46.
1416 : 2025-11-04 16:51:00,654 : INFO : telemetry.sender : Sending 4395 bytes
1416 : 2025-11-04 16:51:00,654 : INFO : telemetry.sender : Finish uploading in 0.246710 seconds.
1438 : 2025-11-04 16:51:01,182 : INFO : telemetry.main : Attempt start. Configuration directory [/home/jakub/.azure]. Cache directory [/home/jakub/.azure/telemetry/20251104165101025].
1438 : 2025-11-04 16:51:01,182 : INFO : telemetry.records : 1 cache files to upload.
1438 : 2025-11-04 16:51:01,182 : INFO : telemetry.records : Processed file /home/jakub/.azure/telemetry/20251104165101025/cache into 1 records.
1438 : 2025-11-04 16:51:01,183 : INFO : telemetry.records : Remove directory /home/jakub/.azure/telemetry/20251104165101025
1438 : 2025-11-04 16:51:01,183 : INFO : telemetry.client : Accumulated 1 events. Flush the clients.
1438 : 2025-11-04 16:51:01,183 : INFO : telemetry.client : Flush client c4395b75-49cc-422c-bc95-c7d51aef5d46.
1438 : 2025-11-04 16:51:01,327 : INFO : telemetry.sender : Sending 4314 bytes
1438 : 2025-11-04 16:51:01,327 : INFO : telemetry.sender : Finish uploading in 0.143953 seconds.
1448 : 2025-11-04 16:51:01,851 : INFO : telemetry.main : Attempt start. Configuration directory [/home/jakub/.azure]. Cache directory [/home/jakub/.azure/telemetry/20251104165101741].
1448 : 2025-11-04 16:51:01,851 : INFO : telemetry.records : 1 cache files to upload.
1448 : 2025-11-04 16:51:01,851 : INFO : telemetry.records : Processed file /home/jakub/.azure/telemetry/20251104165101741/cache into 1 records.
1448 : 2025-11-04 16:51:01,851 : INFO : telemetry.records : Remove directory /home/jakub/.azure/telemetry/20251104165101741
1448 : 2025-11-04 16:51:01,852 : INFO : telemetry.client : Accumulated 1 events. Flush the clients.
1448 : 2025-11-04 16:51:01,852 : INFO : telemetry.client : Flush client c4395b75-49cc-422c-bc95-c7d51aef5d46.
1448 : 2025-11-04 16:51:01,987 : INFO : telemetry.sender : Sending 4427 bytes
1448 : 2025-11-04 16:51:01,987 : INFO : telemetry.sender : Finish uploading in 0.134896 seconds.
1736 : 2025-11-04 16:55:42,736 : INFO : telemetry.main : Attempt start. Configuration directory [/home/jakub/.azure]. Cache directory [/home/jakub/.azure/telemetry/20251104165542638].
1736 : 2025-11-04 16:55:42,736 : INFO : telemetry.records : 1 cache files to upload.
1736 : 2025-11-04 16:55:42,736 : INFO : telemetry.records : Processed file /home/jakub/.azure/telemetry/20251104165542638/cache into 1 records.
1736 : 2025-11-04 16:55:42,736 : INFO : telemetry.records : Remove directory /home/jakub/.azure/telemetry/20251104165542638
1736 : 2025-11-04 16:55:42,737 : INFO : telemetry.client : Accumulated 1 events. Flush the clients.
1736 : 2025-11-04 16:55:42,737 : INFO : telemetry.client : Flush client c4395b75-49cc-422c-bc95-c7d51aef5d46.
1736 : 2025-11-04 16:55:42,872 : INFO : telemetry.sender : Sending 4389 bytes
1736 : 2025-11-04 16:55:42,872 : INFO : telemetry.sender : Finish uploading in 0.134780 seconds.
1758 : 2025-11-04 16:55:49,617 : INFO : telemetry.main : Attempt start. Configuration directory [/home/jakub/.azure]. Cache directory [/home/jakub/.azure/telemetry/20251104165549507].
1758 : 2025-11-04 16:55:49,617 : INFO : telemetry.records : 1 cache files to upload.
1758 : 2025-11-04 16:55:49,617 : INFO : telemetry.records : Processed file /home/jakub/.azure/telemetry/20251104165549507/cache into 1 records.
1758 : 2025-11-04 16:55:49,617 : INFO : telemetry.records : Remove directory /home/jakub/.azure/telemetry/20251104165549507
1758 : 2025-11-04 16:55:49,617 : INFO : telemetry.client : Accumulated 1 events. Flush the clients.
1758 : 2025-11-04 16:55:49,617 : INFO : telemetry.client : Flush client c4395b75-49cc-422c-bc95-c7d51aef5d46.
1758 : 2025-11-04 16:55:49,755 : INFO : telemetry.sender : Sending 4395 bytes
1758 : 2025-11-04 16:55:49,755 : INFO : telemetry.sender : Finish uploading in 0.137841 seconds.
1771 : 2025-11-04 16:55:57,414 : INFO : telemetry.main : Attempt start. Configuration directory [/home/jakub/.azure]. Cache directory [/home/jakub/.azure/telemetry/20251104165557294].
1771 : 2025-11-04 16:55:57,414 : INFO : telemetry.records : 1 cache files to upload.
1771 : 2025-11-04 16:55:57,414 : INFO : telemetry.records : Processed file /home/jakub/.azure/telemetry/20251104165557294/cache into 1 records.
1771 : 2025-11-04 16:55:57,415 : INFO : telemetry.records : Remove directory /home/jakub/.azure/telemetry/20251104165557294
1771 : 2025-11-04 16:55:57,415 : INFO : telemetry.client : Accumulated 1 events. Flush the clients.
1771 : 2025-11-04 16:55:57,415 : INFO : telemetry.client : Flush client c4395b75-49cc-422c-bc95-c7d51aef5d46.
1771 : 2025-11-04 16:55:57,603 : INFO : telemetry.sender : Sending 4377 bytes
1771 : 2025-11-04 16:55:57,603 : INFO : telemetry.sender : Finish uploading in 0.187275 seconds.
1784 : 2025-11-04 16:55:58,293 : INFO : telemetry.main : Attempt start. Configuration directory [/home/jakub/.azure]. Cache directory [/home/jakub/.azure/telemetry/20251104165558189].
1784 : 2025-11-04 16:55:58,293 : INFO : telemetry.records : 1 cache files to upload.
1784 : 2025-11-04 16:55:58,293 : INFO : telemetry.records : Processed file /home/jakub/.azure/telemetry/20251104165558189/cache into 1 records.
1784 : 2025-11-04 16:55:58,294 : INFO : telemetry.records : Remove directory /home/jakub/.azure/telemetry/20251104165558189
1784 : 2025-11-04 16:55:58,294 : INFO : telemetry.client : Accumulated 1 events. Flush the clients.
1784 : 2025-11-04 16:55:58,294 : INFO : telemetry.client : Flush client c4395b75-49cc-422c-bc95-c7d51aef5d46.
1784 : 2025-11-04 16:55:58,433 : INFO : telemetry.sender : Sending 4383 bytes
1784 : 2025-11-04 16:55:58,433 : INFO : telemetry.sender : Finish uploading in 0.138388 seconds.
1808 : 2025-11-04 16:56:11,542 : INFO : telemetry.main : Attempt start. Configuration directory [/home/jakub/.azure]. Cache directory [/home/jakub/.azure/telemetry/20251104165611441].
1808 : 2025-11-04 16:56:11,542 : INFO : telemetry.records : 1 cache files to upload.
1808 : 2025-11-04 16:56:11,542 : INFO : telemetry.records : Processed file /home/jakub/.azure/telemetry/20251104165611441/cache into 1 records.
1808 : 2025-11-04 16:56:11,543 : INFO : telemetry.records : Remove directory /home/jakub/.azure/telemetry/20251104165611441
1808 : 2025-11-04 16:56:11,543 : INFO : telemetry.client : Accumulated 1 events. Flush the clients.
1808 : 2025-11-04 16:56:11,543 : INFO : telemetry.client : Flush client c4395b75-49cc-422c-bc95-c7d51aef5d46.
1808 : 2025-11-04 16:56:11,677 : INFO : telemetry.sender : Sending 4443 bytes
1808 : 2025-11-04 16:56:11,677 : INFO : telemetry.sender : Finish uploading in 0.133820 seconds.
1939 : 2025-11-04 17:00:13,920 : INFO : telemetry.main : Attempt start. Configuration directory [/home/jakub/.azure]. Cache directory [/home/jakub/.azure/telemetry/20251104170013823].
1939 : 2025-11-04 17:00:13,920 : INFO : telemetry.records : 1 cache files to upload.
1939 : 2025-11-04 17:00:13,921 : INFO : telemetry.records : Processed file /home/jakub/.azure/telemetry/20251104170013823/cache into 1 records.
1939 : 2025-11-04 17:00:13,921 : INFO : telemetry.records : Remove directory /home/jakub/.azure/telemetry/20251104170013823
1939 : 2025-11-04 17:00:13,921 : INFO : telemetry.client : Accumulated 1 events. Flush the clients.
1939 : 2025-11-04 17:00:13,921 : INFO : telemetry.client : Flush client c4395b75-49cc-422c-bc95-c7d51aef5d46.
1939 : 2025-11-04 17:00:14,071 : INFO : telemetry.sender : Sending 4310 bytes
1939 : 2025-11-04 17:00:14,072 : INFO : telemetry.sender : Finish uploading in 0.150053 seconds.
1961 : 2025-11-04 17:00:29,064 : INFO : telemetry.main : Attempt start. Configuration directory [/home/jakub/.azure]. Cache directory [/home/jakub/.azure/telemetry/20251104170028936].
1961 : 2025-11-04 17:00:29,064 : INFO : telemetry.records : 1 cache files to upload.
1961 : 2025-11-04 17:00:29,064 : INFO : telemetry.records : Processed file /home/jakub/.azure/telemetry/20251104170028936/cache into 1 records.
1961 : 2025-11-04 17:00:29,064 : INFO : telemetry.records : Remove directory /home/jakub/.azure/telemetry/20251104170028936
1961 : 2025-11-04 17:00:29,065 : INFO : telemetry.client : Accumulated 1 events. Flush the clients.
1961 : 2025-11-04 17:00:29,065 : INFO : telemetry.client : Flush client c4395b75-49cc-422c-bc95-c7d51aef5d46.
1961 : 2025-11-04 17:00:29,229 : INFO : telemetry.sender : Sending 4310 bytes
1961 : 2025-11-04 17:00:29,229 : INFO : telemetry.sender : Finish uploading in 0.163802 seconds.
1974 : 2025-11-04 17:00:29,508 : INFO : telemetry.main : Attempt start. Configuration directory [/home/jakub/.azure]. Cache directory [/home/jakub/.azure/telemetry/20251104170029408].
1974 : 2025-11-04 17:00:29,508 : INFO : telemetry.records : 1 cache files to upload.
1974 : 2025-11-04 17:00:29,508 : INFO : telemetry.records : Processed file /home/jakub/.azure/telemetry/20251104170029408/cache into 1 records.
1974 : 2025-11-04 17:00:29,508 : INFO : telemetry.records : Remove directory /home/jakub/.azure/telemetry/20251104170029408
1974 : 2025-11-04 17:00:29,509 : INFO : telemetry.client : Accumulated 1 events. Flush the clients.
1974 : 2025-11-04 17:00:29,509 : INFO : telemetry.client : Flush client c4395b75-49cc-422c-bc95-c7d51aef5d46.
1974 : 2025-11-04 17:00:29,645 : INFO : telemetry.sender : Sending 4310 bytes
1974 : 2025-11-04 17:00:29,645 : INFO : telemetry.sender : Finish uploading in 0.136307 seconds.
2007 : 2025-11-04 17:01:24,074 : INFO : telemetry.main : Attempt start. Configuration directory [/home/jakub/.azure]. Cache directory [/home/jakub/.azure/telemetry/20251104170123975].
2007 : 2025-11-04 17:01:24,074 : INFO : telemetry.records : 1 cache files to upload.
2007 : 2025-11-04 17:01:24,075 : INFO : telemetry.records : Processed file /home/jakub/.azure/telemetry/20251104170123975/cache into 1 records.
2007 : 2025-11-04 17:01:24,075 : INFO : telemetry.records : Remove directory /home/jakub/.azure/telemetry/20251104170123975
2007 : 2025-11-04 17:01:24,075 : INFO : telemetry.client : Accumulated 1 events. Flush the clients.
2007 : 2025-11-04 17:01:24,075 : INFO : telemetry.client : Flush client c4395b75-49cc-422c-bc95-c7d51aef5d46.
2007 : 2025-11-04 17:01:24,221 : INFO : telemetry.sender : Sending 4433 bytes
2007 : 2025-11-04 17:01:24,221 : INFO : telemetry.sender : Finish uploading in 0.145711 seconds.
2598 : 2025-11-04 17:20:37,620 : INFO : telemetry.main : Attempt start. Configuration directory [/home/jakub/.azure]. Cache directory [/home/jakub/.azure/telemetry/20251104172037522].
2598 : 2025-11-04 17:20:37,621 : INFO : telemetry.records : 1 cache files to upload.
2598 : 2025-11-04 17:20:37,621 : INFO : telemetry.records : Processed file /home/jakub/.azure/telemetry/20251104172037522/cache into 1 records.
2598 : 2025-11-04 17:20:37,621 : INFO : telemetry.records : Remove directory /home/jakub/.azure/telemetry/20251104172037522
2598 : 2025-11-04 17:20:37,621 : INFO : telemetry.client : Accumulated 1 events. Flush the clients.
2598 : 2025-11-04 17:20:37,621 : INFO : telemetry.client : Flush client c4395b75-49cc-422c-bc95-c7d51aef5d46.
2598 : 2025-11-04 17:20:37,752 : INFO : telemetry.sender : Sending 4400 bytes
2598 : 2025-11-04 17:20:37,753 : INFO : telemetry.sender : Finish uploading in 0.131004 seconds.
2823 : 2025-11-04 17:26:55,814 : INFO : telemetry.main : Attempt start. Configuration directory [/home/jakub/.azure]. Cache directory [/home/jakub/.azure/telemetry/20251104172655688].
2823 : 2025-11-04 17:26:55,814 : INFO : telemetry.records : 1 cache files to upload.
2823 : 2025-11-04 17:26:55,815 : INFO : telemetry.records : Processed file /home/jakub/.azure/telemetry/20251104172655688/cache into 1 records.
2823 : 2025-11-04 17:26:55,815 : INFO : telemetry.records : Remove directory /home/jakub/.azure/telemetry/20251104172655688
2823 : 2025-11-04 17:26:55,815 : INFO : telemetry.client : Accumulated 1 events. Flush the clients.
2823 : 2025-11-04 17:26:55,815 : INFO : telemetry.client : Flush client c4395b75-49cc-422c-bc95-c7d51aef5d46.
2823 : 2025-11-04 17:26:55,967 : INFO : telemetry.sender : Sending 4518 bytes
2823 : 2025-11-04 17:26:55,967 : INFO : telemetry.sender : Finish uploading in 0.152005 seconds.
